<?xml version="1.0" encoding="UTF-8"?>
<!-- Generated by org.testng.reporters.JUnitReportReporter -->
<testsuite hostname="CISPL-IO-824.local" failures="0" tests="1" name="TestCases.SampleTest" time="12.342" errors="0" timestamp="2025-02-08T10:02:15 IST" skipped="0">
  <testcase classname="TestCases.SampleTest" name="validatePageTitle" time="12.342"/>
  <system-out/>
</testsuite> <!-- TestCases.SampleTest -->
